[0.000][INFO]:      ChromeDriver 23.0.1240.0 /home/aaron/bin/chromedriver
[0.257][FINE]:      Initializing session with capabilities {
   "browserName": "chrome",
   "chrome.detach": true,
   "chromeOptions": {
      "detach": true
   },
   "cssSelectorsEnabled": true,
   "javascriptEnabled": true,
   "nativeEvents": false,
   "platform": "ANY",
   "rotatable": false,
   "takesScreenshot": false,
   "version": ""
}

[0.258][INFO]:      Using named testing interface
[0.624][INFO]:      Connected to Chrome successfully. Version: 22.0.1229.94
[0.641][FINE]:      Command received (/session/14b7d4f835820a1bd831914464268ed4)
[0.641][FINE]:      Command finished (/session/14b7d4f835820a1bd831914464268ed4) with response {
   "sessionId": "14b7d4f835820a1bd831914464268ed4",
   "status": 0,
   "value": {
      "acceptSslCerts": false,
      "applicationCacheEnabled": false,
      "browserConnectionEnabled": false,
      "browserName": "chrome",
      "chrome.chromedriverVersion": "23.0.1240.0",
      "chrome.nativeEvents": false,
      "cssSelectorsEnabled": true,
      "databaseEnabled": false,
      "handlesAlerts": true,
      "javascriptEnabled": true,
      "locationContextEnabled": false,
      "nativeEvents": true,
      "platform": "linux",
      "rotatable": false,
      "takesScreenshot": true,
      "version": "22.0.1229.94",
      "webStorageEnabled": true
   }
}

